[debug] [2019-12-14T21:36:29.860Z] ----------------------------------------------------------------------
[debug] [2019-12-14T21:36:29.863Z] Command:       C:\Program Files\nodejs\node.exe C:\Users\swsanyal\AppData\Roaming\npm\node_modules\firebase-tools\lib\bin\firebase.js init
[debug] [2019-12-14T21:36:29.863Z] CLI Version:   7.10.0
[debug] [2019-12-14T21:36:29.863Z] Platform:      win32
[debug] [2019-12-14T21:36:29.863Z] Node Version:  v12.13.1
[debug] [2019-12-14T21:36:29.864Z] Time:          Sat Dec 14 2019 15:36:29 GMT-0600 (Central Standard Time)
[debug] [2019-12-14T21:36:29.864Z] ----------------------------------------------------------------------
[debug] [2019-12-14T21:36:29.864Z] 
[debug] [2019-12-14T21:36:29.872Z] > command requires scopes: ["email","openid","https://www.googleapis.com/auth/cloudplatformprojects.readonly","https://www.googleapis.com/auth/firebase","https://www.googleapis.com/auth/cloud-platform"]
[debug] [2019-12-14T21:36:29.873Z] > authorizing via signed-in user
[info] 
     ######## #### ########  ######## ########     ###     ######  ########
     ##        ##  ##     ## ##       ##     ##  ##   ##  ##       ##
     ######    ##  ########  ######   ########  #########  ######  ######
     ##        ##  ##    ##  ##       ##     ## ##     ##       ## ##
     ##       #### ##     ## ######## ########  ##     ##  ######  ########

You're about to initialize a Firebase project in this directory:

  C:\personal\apps\WeatherApp

Before we get started, keep in mind:

  * You are currently outside your home directory
  * You are initializing in an existing Firebase project directory

